[debug] [2022-08-04T13:19:46.416Z] ----------------------------------------------------------------------
[debug] [2022-08-04T13:19:46.419Z] Command:       C:\Program Files\nodejs\node.exe C:\Users\ruben\AppData\Roaming\npm\node_modules\firebase-tools\lib\bin\firebase.js deploy --only functions:getClientData
[debug] [2022-08-04T13:19:46.420Z] CLI Version:   11.4.2
[debug] [2022-08-04T13:19:46.420Z] Platform:      win32
[debug] [2022-08-04T13:19:46.420Z] Node Version:  v16.16.0
[debug] [2022-08-04T13:19:46.422Z] Time:          Thu Aug 04 2022 15:19:46 GMT+0200 (South Africa Standard Time)
[debug] [2022-08-04T13:19:46.422Z] ----------------------------------------------------------------------
[debug] 
[debug] [2022-08-04T13:19:46.555Z] > command requires scopes: ["email","openid","https://www.googleapis.com/auth/cloudplatformprojects.readonly","https://www.googleapis.com/auth/firebase","https://www.googleapis.com/auth/cloud-platform"]
[debug] [2022-08-04T13:19:46.556Z] > authorizing via signed-in user (ferric.tech@gmail.com)
[debug] [2022-08-04T13:19:46.556Z] [iam] checking project assembl-ez for permissions ["cloudfunctions.functions.create","cloudfunctions.functions.delete","cloudfunctions.functions.get","cloudfunctions.functions.list","cloudfunctions.functions.update","cloudfunctions.operations.get","firebase.projects.get"]
[debug] [2022-08-04T13:19:46.562Z] >>> [apiv2][query] POST https://cloudresourcemanager.googleapis.com/v1/projects/assembl-ez:testIamPermissions [none]
[debug] [2022-08-04T13:19:46.562Z] >>> [apiv2][(partial)header] POST https://cloudresourcemanager.googleapis.com/v1/projects/assembl-ez:testIamPermissions x-goog-quota-user=projects/assembl-ez
[debug] [2022-08-04T13:19:46.562Z] >>> [apiv2][body] POST https://cloudresourcemanager.googleapis.com/v1/projects/assembl-ez:testIamPermissions {"permissions":["cloudfunctions.functions.create","cloudfunctions.functions.delete","cloudfunctions.functions.get","cloudfunctions.functions.list","cloudfunctions.functions.update","cloudfunctions.operations.get","firebase.projects.get"]}
[debug] [2022-08-04T13:19:51.107Z] <<< [apiv2][status] POST https://cloudresourcemanager.googleapis.com/v1/projects/assembl-ez:testIamPermissions 200
[debug] [2022-08-04T13:19:51.108Z] <<< [apiv2][body] POST https://cloudresourcemanager.googleapis.com/v1/projects/assembl-ez:testIamPermissions {"permissions":["cloudfunctions.functions.create","cloudfunctions.functions.delete","cloudfunctions.functions.get","cloudfunctions.functions.list","cloudfunctions.functions.update","cloudfunctions.operations.get","firebase.projects.get"]}
[debug] [2022-08-04T13:19:51.110Z] >>> [apiv2][query] POST https://iam.googleapis.com/v1/projects/assembl-ez/serviceAccounts/assembl-ez@appspot.gserviceaccount.com:testIamPermissions [none]
[debug] [2022-08-04T13:19:51.110Z] >>> [apiv2][body] POST https://iam.googleapis.com/v1/projects/assembl-ez/serviceAccounts/assembl-ez@appspot.gserviceaccount.com:testIamPermissions {"permissions":["iam.serviceAccounts.actAs"]}
[debug] [2022-08-04T13:19:53.822Z] <<< [apiv2][status] POST https://iam.googleapis.com/v1/projects/assembl-ez/serviceAccounts/assembl-ez@appspot.gserviceaccount.com:testIamPermissions 200
[debug] [2022-08-04T13:19:53.823Z] <<< [apiv2][body] POST https://iam.googleapis.com/v1/projects/assembl-ez/serviceAccounts/assembl-ez@appspot.gserviceaccount.com:testIamPermissions {"permissions":["iam.serviceAccounts.actAs"]}
[info] 
[info] === Deploying to 'assembl-ez'...
[info] 
[info] i  deploying functions 
[info] Running command: npm --prefix "$RESOURCE_DIR" run build
[info] +  functions: Finished running predeploy script. 
[debug] [2022-08-04T13:20:08.149Z] >>> [apiv2][query] GET https://firebase.googleapis.com/v1beta1/projects/assembl-ez [none]
[debug] [2022-08-04T13:20:09.542Z] <<< [apiv2][status] GET https://firebase.googleapis.com/v1beta1/projects/assembl-ez 200
[debug] [2022-08-04T13:20:09.543Z] <<< [apiv2][body] GET https://firebase.googleapis.com/v1beta1/projects/assembl-ez {"projectId":"assembl-ez","projectNumber":"784618520751","displayName":"Assembl-EZ","name":"projects/assembl-ez","resources":{"hostingSite":"assembl-ez","storageBucket":"assembl-ez.appspot.com","locationId":"europe-west2"},"state":"ACTIVE","etag":"1_31ec9f33-1cf9-42c6-b352-e046af6c7e1d"}
[info] i  functions: ensuring required API cloudfunctions.googleapis.com is enabled... 
[info] i  functions: ensuring required API cloudbuild.googleapis.com is enabled... 
[info] i  artifactregistry: ensuring required API artifactregistry.googleapis.com is enabled... 
[debug] [2022-08-04T13:20:09.553Z] >>> [apiv2][query] GET https://serviceusage.googleapis.com/v1/projects/assembl-ez/services/cloudfunctions.googleapis.com [none]
[debug] [2022-08-04T13:20:09.559Z] >>> [apiv2][query] GET https://serviceusage.googleapis.com/v1/projects/assembl-ez/services/runtimeconfig.googleapis.com [none]
[debug] [2022-08-04T13:20:09.564Z] >>> [apiv2][query] GET https://serviceusage.googleapis.com/v1/projects/assembl-ez/services/cloudbuild.googleapis.com [none]
[debug] [2022-08-04T13:20:09.567Z] >>> [apiv2][query] GET https://serviceusage.googleapis.com/v1/projects/assembl-ez/services/artifactregistry.googleapis.com [none]
[debug] [2022-08-04T13:20:12.499Z] <<< [apiv2][status] GET https://serviceusage.googleapis.com/v1/projects/assembl-ez/services/artifactregistry.googleapis.com 200
[debug] [2022-08-04T13:20:12.500Z] <<< [apiv2][body] GET https://serviceusage.googleapis.com/v1/projects/assembl-ez/services/artifactregistry.googleapis.com [omitted]
[info] +  artifactregistry: required API artifactregistry.googleapis.com is enabled 
[debug] [2022-08-04T13:20:12.512Z] <<< [apiv2][status] GET https://serviceusage.googleapis.com/v1/projects/assembl-ez/services/cloudfunctions.googleapis.com 200
[debug] [2022-08-04T13:20:12.512Z] <<< [apiv2][body] GET https://serviceusage.googleapis.com/v1/projects/assembl-ez/services/cloudfunctions.googleapis.com [omitted]
[info] +  functions: required API cloudfunctions.googleapis.com is enabled 
[debug] [2022-08-04T13:20:13.259Z] <<< [apiv2][status] GET https://serviceusage.googleapis.com/v1/projects/assembl-ez/services/runtimeconfig.googleapis.com 200
[debug] [2022-08-04T13:20:13.259Z] <<< [apiv2][body] GET https://serviceusage.googleapis.com/v1/projects/assembl-ez/services/runtimeconfig.googleapis.com [omitted]
[debug] [2022-08-04T13:20:13.262Z] <<< [apiv2][status] GET https://serviceusage.googleapis.com/v1/projects/assembl-ez/services/cloudbuild.googleapis.com 200
[debug] [2022-08-04T13:20:13.262Z] <<< [apiv2][body] GET https://serviceusage.googleapis.com/v1/projects/assembl-ez/services/cloudbuild.googleapis.com [omitted]
[info] +  functions: required API cloudbuild.googleapis.com is enabled 
[debug] [2022-08-04T13:20:13.264Z] >>> [apiv2][query] GET https://firebase.googleapis.com/v1beta1/projects/assembl-ez/adminSdkConfig [none]
[debug] [2022-08-04T13:20:14.219Z] <<< [apiv2][status] GET https://firebase.googleapis.com/v1beta1/projects/assembl-ez/adminSdkConfig 200
[debug] [2022-08-04T13:20:14.219Z] <<< [apiv2][body] GET https://firebase.googleapis.com/v1beta1/projects/assembl-ez/adminSdkConfig {"projectId":"assembl-ez","storageBucket":"assembl-ez.appspot.com","locationId":"europe-west2"}
[debug] [2022-08-04T13:20:14.221Z] >>> [apiv2][query] GET https://runtimeconfig.googleapis.com/v1beta1/projects/assembl-ez/configs [none]
[debug] [2022-08-04T13:20:15.165Z] <<< [apiv2][status] GET https://runtimeconfig.googleapis.com/v1beta1/projects/assembl-ez/configs 200
[debug] [2022-08-04T13:20:15.166Z] <<< [apiv2][body] GET https://runtimeconfig.googleapis.com/v1beta1/projects/assembl-ez/configs {}
[info] i  functions: preparing codebase default for deployment 
[debug] [2022-08-04T13:20:15.175Z] Validating nodejs source
[debug] [2022-08-04T13:20:20.860Z] > [functions] package.json contents: {
  "name": "functions",
  "scripts": {
    "build": "tsc",
    "build:watch": "tsc --watch",
    "serve": "npm run build && firebase emulators:start --only functions",
    "shell": "npm run build && firebase functions:shell",
    "start": "npm run shell",
    "deploy": "firebase deploy --only functions",
    "logs": "firebase functions:log"
  },
  "engines": {
    "node": "16"
  },
  "main": "lib/index.js",
  "dependencies": {
    "firebase-admin": "^10.2.0",
    "firebase-functions": "^3.21.0"
  },
  "devDependencies": {
    "typescript": "^4.6.4"
  },
  "private": true
}
[debug] [2022-08-04T13:20:20.861Z] Building nodejs source
[debug] [2022-08-04T13:20:20.865Z] Could not find functions.yaml. Must use http discovery
[debug] [2022-08-04T13:20:21.316Z] Serving at port 9005

[debug] [2022-08-04T13:20:21.494Z] Got response from /__/functions.yaml {"endpoints":{"addLead":{"platform":"gcfv1","httpsTrigger":{},"entryPoint":"addLead"},"getLeads":{"platform":"gcfv1","httpsTrigger":{},"entryPoint":"getLeads"},"updateUserProfile":{"platform":"gcfv1","httpsTrigger":{},"entryPoint":"updateUserProfile"},"getClientData":{"platform":"gcfv1","httpsTrigger":{},"entryPoint":"getClientData"}},"specVersion":"v1alpha1","requiredAPIs":[]}
[debug] [2022-08-04T13:20:21.513Z] shutdown requested via /__/quitquitquit

[info] i  functions: preparing functions directory for uploading... 
[info] i  functions: packaged C:\Users\ruben\Desktop\Assembl-EZ\functions (64.4 KB) for uploading 
[debug] [2022-08-04T13:20:21.682Z] >>> [apiv2][query] GET https://cloudfunctions.googleapis.com/v1/projects/assembl-ez/locations/-/functions [none]
[debug] [2022-08-04T13:20:22.657Z] <<< [apiv2][status] GET https://cloudfunctions.googleapis.com/v1/projects/assembl-ez/locations/-/functions 200
[debug] [2022-08-04T13:20:22.657Z] <<< [apiv2][body] GET https://cloudfunctions.googleapis.com/v1/projects/assembl-ez/locations/-/functions {"functions":[{"name":"projects/assembl-ez/locations/us-central1/functions/addLead","httpsTrigger":{"url":"https://us-central1-assembl-ez.cloudfunctions.net/addLead","securityLevel":"SECURE_ALWAYS"},"status":"ACTIVE","entryPoint":"addLead","timeout":"60s","availableMemoryMb":256,"serviceAccountEmail":"assembl-ez@appspot.gserviceaccount.com","updateTime":"2022-08-04T13:01:20.919Z","versionId":"19","labels":{"deployment-tool":"cli-firebase"},"sourceUploadUrl":"https://storage.googleapis.com/uploads-1054381667954.us-central1.cloudfunctions.appspot.com/a98727e3-87c9-4c8d-b947-72e588aefde9.zip","environmentVariables":{"FIREBASE_CONFIG":"{\"projectId\":\"assembl-ez\",\"storageBucket\":\"assembl-ez.appspot.com\",\"locationId\":\"europe-west2\"}","GCLOUD_PROJECT":"assembl-ez"},"runtime":"nodejs16","ingressSettings":"ALLOW_ALL","buildId":"90e8b9e5-4365-42ae-9cbf-fb12cb6da434","buildName":"projects/784618520751/locations/us-central1/builds/90e8b9e5-4365-42ae-9cbf-fb12cb6da434","dockerRegistry":"ARTIFACT_REGISTRY"},{"name":"projects/assembl-ez/locations/us-central1/functions/getClientData","httpsTrigger":{"url":"https://us-central1-assembl-ez.cloudfunctions.net/getClientData","securityLevel":"SECURE_ALWAYS"},"status":"ACTIVE","entryPoint":"getClientData","timeout":"60s","availableMemoryMb":256,"serviceAccountEmail":"assembl-ez@appspot.gserviceaccount.com","updateTime":"2022-08-04T13:16:43.576Z","versionId":"6","labels":{"deployment-tool":"cli-firebase"},"sourceUploadUrl":"https://storage.googleapis.com/uploads-1054381667954.us-central1.cloudfunctions.appspot.com/d5b50cd9-cabf-4177-8894-287def13f0ae.zip","environmentVariables":{"FIREBASE_CONFIG":"{\"projectId\":\"assembl-ez\",\"storageBucket\":\"assembl-ez.appspot.com\",\"locationId\":\"europe-west2\"}","GCLOUD_PROJECT":"assembl-ez"},"runtime":"nodejs16","ingressSettings":"ALLOW_ALL","buildId":"c3b55950-99ec-45d3-b09f-2ddba696fb2e","buildName":"projects/784618520751/locations/us-central1/builds/c3b55950-99ec-45d3-b09f-2ddba696fb2e","dockerRegistry":"ARTIFACT_REGISTRY"},{"name":"projects/assembl-ez/locations/us-central1/functions/getLeads","httpsTrigger":{"url":"https://us-central1-assembl-ez.cloudfunctions.net/getLeads","securityLevel":"SECURE_ALWAYS"},"status":"ACTIVE","entryPoint":"getLeads","timeout":"60s","availableMemoryMb":256,"serviceAccountEmail":"assembl-ez@appspot.gserviceaccount.com","updateTime":"2022-08-04T13:01:25.744Z","versionId":"8","labels":{"deployment-tool":"cli-firebase"},"sourceUploadUrl":"https://storage.googleapis.com/uploads-1054381667954.us-central1.cloudfunctions.appspot.com/a98727e3-87c9-4c8d-b947-72e588aefde9.zip","environmentVariables":{"FIREBASE_CONFIG":"{\"projectId\":\"assembl-ez\",\"storageBucket\":\"assembl-ez.appspot.com\",\"locationId\":\"europe-west2\"}","GCLOUD_PROJECT":"assembl-ez"},"runtime":"nodejs16","ingressSettings":"ALLOW_ALL","buildId":"90e8b9e5-4365-42ae-9cbf-fb12cb6da434","buildName":"projects/784618520751/locations/us-central1/builds/90e8b9e5-4365-42ae-9cbf-fb12cb6da434","dockerRegistry":"ARTIFACT_REGISTRY"},{"name":"projects/assembl-ez/locations/us-central1/functions/updateUserProfile","httpsTrigger":{"url":"https://us-central1-assembl-ez.cloudfunctions.net/updateUserProfile","securityLevel":"SECURE_ALWAYS"},"status":"ACTIVE","entryPoint":"updateUserProfile","timeout":"60s","availableMemoryMb":256,"serviceAccountEmail":"assembl-ez@appspot.gserviceaccount.com","updateTime":"2022-08-04T13:01:26.030Z","versionId":"19","labels":{"deployment-tool":"cli-firebase"},"sourceUploadUrl":"https://storage.googleapis.com/uploads-1054381667954.us-central1.cloudfunctions.appspot.com/a98727e3-87c9-4c8d-b947-72e588aefde9.zip","environmentVariables":{"FIREBASE_CONFIG":"{\"projectId\":\"assembl-ez\",\"storageBucket\":\"assembl-ez.appspot.com\",\"locationId\":\"europe-west2\"}","GCLOUD_PROJECT":"assembl-ez"},"runtime":"nodejs16","ingressSettings":"ALLOW_ALL","buildId":"90e8b9e5-4365-42ae-9cbf-fb12cb6da434","buildName":"projects/784618520751/locations/us-central1/builds/90e8b9e5-4365-42ae-9cbf-fb12cb6da434","dockerRegistry":"ARTIFACT_REGISTRY"}]}
[debug] [2022-08-04T13:20:22.661Z] >>> [apiv2][query] GET https://cloudfunctions.googleapis.com/v2alpha/projects/assembl-ez/locations/-/functions [none]
[debug] [2022-08-04T13:20:24.155Z] <<< [apiv2][status] GET https://cloudfunctions.googleapis.com/v2alpha/projects/assembl-ez/locations/-/functions 200
[debug] [2022-08-04T13:20:24.156Z] <<< [apiv2][body] GET https://cloudfunctions.googleapis.com/v2alpha/projects/assembl-ez/locations/-/functions {}
[debug] [2022-08-04T13:20:24.192Z] >>> [apiv2][query] GET https://firebase.googleapis.com/v1beta1/projects/assembl-ez [none]
[debug] [2022-08-04T13:20:24.916Z] <<< [apiv2][status] GET https://firebase.googleapis.com/v1beta1/projects/assembl-ez 200
[debug] [2022-08-04T13:20:24.916Z] <<< [apiv2][body] GET https://firebase.googleapis.com/v1beta1/projects/assembl-ez {"projectId":"assembl-ez","projectNumber":"784618520751","displayName":"Assembl-EZ","name":"projects/assembl-ez","resources":{"hostingSite":"assembl-ez","storageBucket":"assembl-ez.appspot.com","locationId":"europe-west2"},"state":"ACTIVE","etag":"1_31ec9f33-1cf9-42c6-b352-e046af6c7e1d"}
[debug] [2022-08-04T13:20:24.920Z] >>> [apiv2][query] POST https://cloudfunctions.googleapis.com/v1/projects/assembl-ez/locations/us-central1/functions:generateUploadUrl [none]
[debug] [2022-08-04T13:20:24.921Z] >>> [apiv2][body] POST https://cloudfunctions.googleapis.com/v1/projects/assembl-ez/locations/us-central1/functions:generateUploadUrl {}
[debug] [2022-08-04T13:20:25.777Z] <<< [apiv2][status] POST https://cloudfunctions.googleapis.com/v1/projects/assembl-ez/locations/us-central1/functions:generateUploadUrl 200
[debug] [2022-08-04T13:20:25.778Z] <<< [apiv2][body] POST https://cloudfunctions.googleapis.com/v1/projects/assembl-ez/locations/us-central1/functions:generateUploadUrl {"uploadUrl":"https://storage.googleapis.com/uploads-1054381667954.us-central1.cloudfunctions.appspot.com/89941114-4b4e-485b-a50b-845576ea0a67.zip?GoogleAccessId=service-784618520751@gcf-admin-robot.iam.gserviceaccount.com&Expires=1659621025&Signature=P6rgzY0Wtq5tiLJY3QfHUOKQ5iCdjf0ucuNY37j%2F6J4aOgBDBY4H%2FyPSEGAHwxVlq7oFWbrFYLdKMrnzzMCvXba9uph%2FMHRa%2BeGOTe00QiiHC%2FeZEy2FMZ0JqLh30CAIgDJJyvC3lhLF6RYKetsGqBgSYl2nIbpaS7s5%2BDhK1vABoPTrivNG0u8lgjJwTgQ8YXeMAnj9OZkr5Cwy7Ihr%2Fpf4%2BXG4tSz0ALLNWBkY5HdrtyssC5DxEHUNhL7b0Nc456QufMbm%2B8OEWbcpcbJ9yYRJujKlvOlWjRO7o5EXvp0z9i33U2PDXY34CDZVFe15Ft5lybcemA%2F%2BmtVWOW1wIQ%3D%3D"}
[debug] [2022-08-04T13:20:25.782Z] >>> [apiv2][query] PUT https://storage.googleapis.com/uploads-1054381667954.us-central1.cloudfunctions.appspot.com/89941114-4b4e-485b-a50b-845576ea0a67.zip GoogleAccessId=service-784618520751%40gcf-admin-robot.iam.gserviceaccount.com&Expires=1659621025&Signature=P6rgzY0Wtq5tiLJY3QfHUOKQ5iCdjf0ucuNY37j%2F6J4aOgBDBY4H%2FyPSEGAHwxVlq7oFWbrFYLdKMrnzzMCvXba9uph%2FMHRa%2BeGOTe00QiiHC%2FeZEy2FMZ0JqLh30CAIgDJJyvC3lhLF6RYKetsGqBgSYl2nIbpaS7s5%2BDhK1vABoPTrivNG0u8lgjJwTgQ8YXeMAnj9OZkr5Cwy7Ihr%2Fpf4%2BXG4tSz0ALLNWBkY5HdrtyssC5DxEHUNhL7b0Nc456QufMbm%2B8OEWbcpcbJ9yYRJujKlvOlWjRO7o5EXvp0z9i33U2PDXY34CDZVFe15Ft5lybcemA%2F%2BmtVWOW1wIQ%3D%3D
[debug] [2022-08-04T13:20:25.782Z] >>> [apiv2][body] PUT https://storage.googleapis.com/uploads-1054381667954.us-central1.cloudfunctions.appspot.com/89941114-4b4e-485b-a50b-845576ea0a67.zip [stream]
[debug] [2022-08-04T13:20:27.298Z] <<< [apiv2][status] PUT https://storage.googleapis.com/uploads-1054381667954.us-central1.cloudfunctions.appspot.com/89941114-4b4e-485b-a50b-845576ea0a67.zip 200
[debug] [2022-08-04T13:20:27.298Z] <<< [apiv2][body] PUT https://storage.googleapis.com/uploads-1054381667954.us-central1.cloudfunctions.appspot.com/89941114-4b4e-485b-a50b-845576ea0a67.zip [omitted]
[info] +  functions: functions folder uploaded successfully 
[info] i  functions: updating Node.js 16 function getClientData(us-central1)... 
[debug] [2022-08-04T13:20:27.325Z] >>> [apiv2][query] PATCH https://cloudfunctions.googleapis.com/v1/projects/assembl-ez/locations/us-central1/functions/getClientData updateMask=name%2CsourceUploadUrl%2CentryPoint%2Cruntime%2CdockerRegistry%2Clabels%2ChttpsTrigger.securityLevel%2CenvironmentVariables%2CavailableMemoryMb%2CsourceToken
[debug] [2022-08-04T13:20:27.325Z] >>> [apiv2][body] PATCH https://cloudfunctions.googleapis.com/v1/projects/assembl-ez/locations/us-central1/functions/getClientData {"name":"projects/assembl-ez/locations/us-central1/functions/getClientData","sourceUploadUrl":"https://storage.googleapis.com/uploads-1054381667954.us-central1.cloudfunctions.appspot.com/89941114-4b4e-485b-a50b-845576ea0a67.zip?GoogleAccessId=service-784618520751@gcf-admin-robot.iam.gserviceaccount.com&Expires=1659621025&Signature=P6rgzY0Wtq5tiLJY3QfHUOKQ5iCdjf0ucuNY37j%2F6J4aOgBDBY4H%2FyPSEGAHwxVlq7oFWbrFYLdKMrnzzMCvXba9uph%2FMHRa%2BeGOTe00QiiHC%2FeZEy2FMZ0JqLh30CAIgDJJyvC3lhLF6RYKetsGqBgSYl2nIbpaS7s5%2BDhK1vABoPTrivNG0u8lgjJwTgQ8YXeMAnj9OZkr5Cwy7Ihr%2Fpf4%2BXG4tSz0ALLNWBkY5HdrtyssC5DxEHUNhL7b0Nc456QufMbm%2B8OEWbcpcbJ9yYRJujKlvOlWjRO7o5EXvp0z9i33U2PDXY34CDZVFe15Ft5lybcemA%2F%2BmtVWOW1wIQ%3D%3D","entryPoint":"getClientData","runtime":"nodejs16","dockerRegistry":"ARTIFACT_REGISTRY","labels":{"deployment-tool":"cli-firebase"},"httpsTrigger":{"securityLevel":"SECURE_ALWAYS"},"environmentVariables":{"FIREBASE_CONFIG":"{\"projectId\":\"assembl-ez\",\"storageBucket\":\"assembl-ez.appspot.com\",\"locationId\":\"europe-west2\"}","GCLOUD_PROJECT":"assembl-ez"},"availableMemoryMb":256}
[debug] [2022-08-04T13:20:28.470Z] <<< [apiv2][status] PATCH https://cloudfunctions.googleapis.com/v1/projects/assembl-ez/locations/us-central1/functions/getClientData 200
[debug] [2022-08-04T13:20:28.471Z] <<< [apiv2][body] PATCH https://cloudfunctions.googleapis.com/v1/projects/assembl-ez/locations/us-central1/functions/getClientData {"name":"operations/YXNzZW1ibC1lei91cy1jZW50cmFsMS9nZXRDbGllbnREYXRhL2Rqb2dkcjR3Q3RV","metadata":{"@type":"type.googleapis.com/google.cloud.functions.v1.OperationMetadataV1","target":"projects/assembl-ez/locations/us-central1/functions/getClientData","type":"UPDATE_FUNCTION","request":{"@type":"type.googleapis.com/google.cloud.functions.v1.CloudFunction","name":"projects/assembl-ez/locations/us-central1/functions/getClientData","httpsTrigger":{"url":"https://us-central1-assembl-ez.cloudfunctions.net/getClientData","securityLevel":"SECURE_ALWAYS"},"status":"ACTIVE","entryPoint":"getClientData","timeout":"60s","availableMemoryMb":256,"serviceAccountEmail":"assembl-ez@appspot.gserviceaccount.com","updateTime":"2022-08-04T13:16:43.576Z","versionId":"6","labels":{"deployment-tool":"cli-firebase"},"sourceUploadUrl":"https://storage.googleapis.com/uploads-1054381667954.us-central1.cloudfunctions.appspot.com/89941114-4b4e-485b-a50b-845576ea0a67.zip?GoogleAccessId=service-784618520751@gcf-admin-robot.iam.gserviceaccount.com&Expires=1659621025&Signature=P6rgzY0Wtq5tiLJY3QfHUOKQ5iCdjf0ucuNY37j%2F6J4aOgBDBY4H%2FyPSEGAHwxVlq7oFWbrFYLdKMrnzzMCvXba9uph%2FMHRa%2BeGOTe00QiiHC%2FeZEy2FMZ0JqLh30CAIgDJJyvC3lhLF6RYKetsGqBgSYl2nIbpaS7s5%2BDhK1vABoPTrivNG0u8lgjJwTgQ8YXeMAnj9OZkr5Cwy7Ihr%2Fpf4%2BXG4tSz0ALLNWBkY5HdrtyssC5DxEHUNhL7b0Nc456QufMbm%2B8OEWbcpcbJ9yYRJujKlvOlWjRO7o5EXvp0z9i33U2PDXY34CDZVFe15Ft5lybcemA%2F%2BmtVWOW1wIQ%3D%3D","environmentVariables":{"FIREBASE_CONFIG":"{\"projectId\":\"assembl-ez\",\"storageBucket\":\"assembl-ez.appspot.com\",\"locationId\":\"europe-west2\"}","GCLOUD_PROJECT":"assembl-ez"},"runtime":"nodejs16","ingressSettings":"ALLOW_ALL","buildId":"c3b55950-99ec-45d3-b09f-2ddba696fb2e","buildName":"projects/784618520751/locations/us-central1/builds/c3b55950-99ec-45d3-b09f-2ddba696fb2e","dockerRegistry":"ARTIFACT_REGISTRY"},"versionId":"7","updateTime":"2022-08-04T13:20:27Z"}}
[debug] [2022-08-04T13:20:28.474Z] >>> [apiv2][query] GET https://cloudfunctions.googleapis.com/v1/operations/YXNzZW1ibC1lei91cy1jZW50cmFsMS9nZXRDbGllbnREYXRhL2Rqb2dkcjR3Q3RV [none]
[debug] [2022-08-04T13:20:29.465Z] <<< [apiv2][status] GET https://cloudfunctions.googleapis.com/v1/operations/YXNzZW1ibC1lei91cy1jZW50cmFsMS9nZXRDbGllbnREYXRhL2Rqb2dkcjR3Q3RV 200
[debug] [2022-08-04T13:20:29.466Z] <<< [apiv2][body] GET https://cloudfunctions.googleapis.com/v1/operations/YXNzZW1ibC1lei91cy1jZW50cmFsMS9nZXRDbGllbnREYXRhL2Rqb2dkcjR3Q3RV {"name":"operations/YXNzZW1ibC1lei91cy1jZW50cmFsMS9nZXRDbGllbnREYXRhL2Rqb2dkcjR3Q3RV","metadata":{"@type":"type.googleapis.com/google.cloud.functions.v1.OperationMetadataV1","target":"projects/assembl-ez/locations/us-central1/functions/getClientData","type":"UPDATE_FUNCTION","request":{"@type":"type.googleapis.com/google.cloud.functions.v1.CloudFunction","name":"projects/assembl-ez/locations/us-central1/functions/getClientData","httpsTrigger":{"url":"https://us-central1-assembl-ez.cloudfunctions.net/getClientData","securityLevel":"SECURE_ALWAYS"},"status":"ACTIVE","entryPoint":"getClientData","timeout":"60s","availableMemoryMb":256,"serviceAccountEmail":"assembl-ez@appspot.gserviceaccount.com","updateTime":"2022-08-04T13:16:43.576Z","versionId":"6","labels":{"deployment-tool":"cli-firebase"},"sourceUploadUrl":"https://storage.googleapis.com/uploads-1054381667954.us-central1.cloudfunctions.appspot.com/89941114-4b4e-485b-a50b-845576ea0a67.zip?GoogleAccessId=service-784618520751@gcf-admin-robot.iam.gserviceaccount.com&Expires=1659621025&Signature=P6rgzY0Wtq5tiLJY3QfHUOKQ5iCdjf0ucuNY37j%2F6J4aOgBDBY4H%2FyPSEGAHwxVlq7oFWbrFYLdKMrnzzMCvXba9uph%2FMHRa%2BeGOTe00QiiHC%2FeZEy2FMZ0JqLh30CAIgDJJyvC3lhLF6RYKetsGqBgSYl2nIbpaS7s5%2BDhK1vABoPTrivNG0u8lgjJwTgQ8YXeMAnj9OZkr5Cwy7Ihr%2Fpf4%2BXG4tSz0ALLNWBkY5HdrtyssC5DxEHUNhL7b0Nc456QufMbm%2B8OEWbcpcbJ9yYRJujKlvOlWjRO7o5EXvp0z9i33U2PDXY34CDZVFe15Ft5lybcemA%2F%2BmtVWOW1wIQ%3D%3D","environmentVariables":{"FIREBASE_CONFIG":"{\"projectId\":\"assembl-ez\",\"storageBucket\":\"assembl-ez.appspot.com\",\"locationId\":\"europe-west2\"}","GCLOUD_PROJECT":"assembl-ez"},"runtime":"nodejs16","ingressSettings":"ALLOW_ALL","buildId":"c3b55950-99ec-45d3-b09f-2ddba696fb2e","buildName":"projects/784618520751/locations/us-central1/builds/c3b55950-99ec-45d3-b09f-2ddba696fb2e","dockerRegistry":"ARTIFACT_REGISTRY"},"versionId":"7","updateTime":"2022-08-04T13:20:27Z","buildId":"09eb3f0f-2599-4078-b7c6-8d056ff6e132","buildName":"projects/784618520751/locations/us-central1/builds/09eb3f0f-2599-4078-b7c6-8d056ff6e132"}}
[debug] [2022-08-04T13:20:29.976Z] [update-default-us-central1-getClientData] Retrying task index 0
[debug] [2022-08-04T13:20:29.977Z] >>> [apiv2][query] GET https://cloudfunctions.googleapis.com/v1/operations/YXNzZW1ibC1lei91cy1jZW50cmFsMS9nZXRDbGllbnREYXRhL2Rqb2dkcjR3Q3RV [none]
[debug] [2022-08-04T13:20:30.901Z] <<< [apiv2][status] GET https://cloudfunctions.googleapis.com/v1/operations/YXNzZW1ibC1lei91cy1jZW50cmFsMS9nZXRDbGllbnREYXRhL2Rqb2dkcjR3Q3RV 200
[debug] [2022-08-04T13:20:30.901Z] <<< [apiv2][body] GET https://cloudfunctions.googleapis.com/v1/operations/YXNzZW1ibC1lei91cy1jZW50cmFsMS9nZXRDbGllbnREYXRhL2Rqb2dkcjR3Q3RV {"name":"operations/YXNzZW1ibC1lei91cy1jZW50cmFsMS9nZXRDbGllbnREYXRhL2Rqb2dkcjR3Q3RV","metadata":{"@type":"type.googleapis.com/google.cloud.functions.v1.OperationMetadataV1","target":"projects/assembl-ez/locations/us-central1/functions/getClientData","type":"UPDATE_FUNCTION","request":{"@type":"type.googleapis.com/google.cloud.functions.v1.CloudFunction","name":"projects/assembl-ez/locations/us-central1/functions/getClientData","httpsTrigger":{"url":"https://us-central1-assembl-ez.cloudfunctions.net/getClientData","securityLevel":"SECURE_ALWAYS"},"status":"ACTIVE","entryPoint":"getClientData","timeout":"60s","availableMemoryMb":256,"serviceAccountEmail":"assembl-ez@appspot.gserviceaccount.com","updateTime":"2022-08-04T13:16:43.576Z","versionId":"6","labels":{"deployment-tool":"cli-firebase"},"sourceUploadUrl":"https://storage.googleapis.com/uploads-1054381667954.us-central1.cloudfunctions.appspot.com/89941114-4b4e-485b-a50b-845576ea0a67.zip?GoogleAccessId=service-784618520751@gcf-admin-robot.iam.gserviceaccount.com&Expires=1659621025&Signature=P6rgzY0Wtq5tiLJY3QfHUOKQ5iCdjf0ucuNY37j%2F6J4aOgBDBY4H%2FyPSEGAHwxVlq7oFWbrFYLdKMrnzzMCvXba9uph%2FMHRa%2BeGOTe00QiiHC%2FeZEy2FMZ0JqLh30CAIgDJJyvC3lhLF6RYKetsGqBgSYl2nIbpaS7s5%2BDhK1vABoPTrivNG0u8lgjJwTgQ8YXeMAnj9OZkr5Cwy7Ihr%2Fpf4%2BXG4tSz0ALLNWBkY5HdrtyssC5DxEHUNhL7b0Nc456QufMbm%2B8OEWbcpcbJ9yYRJujKlvOlWjRO7o5EXvp0z9i33U2PDXY34CDZVFe15Ft5lybcemA%2F%2BmtVWOW1wIQ%3D%3D","environmentVariables":{"FIREBASE_CONFIG":"{\"projectId\":\"assembl-ez\",\"storageBucket\":\"assembl-ez.appspot.com\",\"locationId\":\"europe-west2\"}","GCLOUD_PROJECT":"assembl-ez"},"runtime":"nodejs16","ingressSettings":"ALLOW_ALL","buildId":"c3b55950-99ec-45d3-b09f-2ddba696fb2e","buildName":"projects/784618520751/locations/us-central1/builds/c3b55950-99ec-45d3-b09f-2ddba696fb2e","dockerRegistry":"ARTIFACT_REGISTRY"},"versionId":"7","updateTime":"2022-08-04T13:20:27Z","buildId":"09eb3f0f-2599-4078-b7c6-8d056ff6e132","buildName":"projects/784618520751/locations/us-central1/builds/09eb3f0f-2599-4078-b7c6-8d056ff6e132"}}
[debug] [2022-08-04T13:20:31.902Z] [update-default-us-central1-getClientData] Retrying task index 0
[debug] [2022-08-04T13:20:31.903Z] >>> [apiv2][query] GET https://cloudfunctions.googleapis.com/v1/operations/YXNzZW1ibC1lei91cy1jZW50cmFsMS9nZXRDbGllbnREYXRhL2Rqb2dkcjR3Q3RV [none]
[debug] [2022-08-04T13:20:32.848Z] <<< [apiv2][status] GET https://cloudfunctions.googleapis.com/v1/operations/YXNzZW1ibC1lei91cy1jZW50cmFsMS9nZXRDbGllbnREYXRhL2Rqb2dkcjR3Q3RV 200
[debug] [2022-08-04T13:20:32.848Z] <<< [apiv2][body] GET https://cloudfunctions.googleapis.com/v1/operations/YXNzZW1ibC1lei91cy1jZW50cmFsMS9nZXRDbGllbnREYXRhL2Rqb2dkcjR3Q3RV {"name":"operations/YXNzZW1ibC1lei91cy1jZW50cmFsMS9nZXRDbGllbnREYXRhL2Rqb2dkcjR3Q3RV","metadata":{"@type":"type.googleapis.com/google.cloud.functions.v1.OperationMetadataV1","target":"projects/assembl-ez/locations/us-central1/functions/getClientData","type":"UPDATE_FUNCTION","request":{"@type":"type.googleapis.com/google.cloud.functions.v1.CloudFunction","name":"projects/assembl-ez/locations/us-central1/functions/getClientData","httpsTrigger":{"url":"https://us-central1-assembl-ez.cloudfunctions.net/getClientData","securityLevel":"SECURE_ALWAYS"},"status":"ACTIVE","entryPoint":"getClientData","timeout":"60s","availableMemoryMb":256,"serviceAccountEmail":"assembl-ez@appspot.gserviceaccount.com","updateTime":"2022-08-04T13:16:43.576Z","versionId":"6","labels":{"deployment-tool":"cli-firebase"},"sourceUploadUrl":"https://storage.googleapis.com/uploads-1054381667954.us-central1.cloudfunctions.appspot.com/89941114-4b4e-485b-a50b-845576ea0a67.zip?GoogleAccessId=service-784618520751@gcf-admin-robot.iam.gserviceaccount.com&Expires=1659621025&Signature=P6rgzY0Wtq5tiLJY3QfHUOKQ5iCdjf0ucuNY37j%2F6J4aOgBDBY4H%2FyPSEGAHwxVlq7oFWbrFYLdKMrnzzMCvXba9uph%2FMHRa%2BeGOTe00QiiHC%2FeZEy2FMZ0JqLh30CAIgDJJyvC3lhLF6RYKetsGqBgSYl2nIbpaS7s5%2BDhK1vABoPTrivNG0u8lgjJwTgQ8YXeMAnj9OZkr5Cwy7Ihr%2Fpf4%2BXG4tSz0ALLNWBkY5HdrtyssC5DxEHUNhL7b0Nc456QufMbm%2B8OEWbcpcbJ9yYRJujKlvOlWjRO7o5EXvp0z9i33U2PDXY34CDZVFe15Ft5lybcemA%2F%2BmtVWOW1wIQ%3D%3D","environmentVariables":{"FIREBASE_CONFIG":"{\"projectId\":\"assembl-ez\",\"storageBucket\":\"assembl-ez.appspot.com\",\"locationId\":\"europe-west2\"}","GCLOUD_PROJECT":"assembl-ez"},"runtime":"nodejs16","ingressSettings":"ALLOW_ALL","buildId":"c3b55950-99ec-45d3-b09f-2ddba696fb2e","buildName":"projects/784618520751/locations/us-central1/builds/c3b55950-99ec-45d3-b09f-2ddba696fb2e","dockerRegistry":"ARTIFACT_REGISTRY"},"versionId":"7","updateTime":"2022-08-04T13:20:27Z","buildId":"09eb3f0f-2599-4078-b7c6-8d056ff6e132","buildName":"projects/784618520751/locations/us-central1/builds/09eb3f0f-2599-4078-b7c6-8d056ff6e132"}}
[debug] [2022-08-04T13:20:34.865Z] [update-default-us-central1-getClientData] Retrying task index 0
[debug] [2022-08-04T13:20:34.866Z] >>> [apiv2][query] GET https://cloudfunctions.googleapis.com/v1/operations/YXNzZW1ibC1lei91cy1jZW50cmFsMS9nZXRDbGllbnREYXRhL2Rqb2dkcjR3Q3RV [none]
[debug] [2022-08-04T13:20:35.716Z] <<< [apiv2][status] GET https://cloudfunctions.googleapis.com/v1/operations/YXNzZW1ibC1lei91cy1jZW50cmFsMS9nZXRDbGllbnREYXRhL2Rqb2dkcjR3Q3RV 200
[debug] [2022-08-04T13:20:35.716Z] <<< [apiv2][body] GET https://cloudfunctions.googleapis.com/v1/operations/YXNzZW1ibC1lei91cy1jZW50cmFsMS9nZXRDbGllbnREYXRhL2Rqb2dkcjR3Q3RV {"name":"operations/YXNzZW1ibC1lei91cy1jZW50cmFsMS9nZXRDbGllbnREYXRhL2Rqb2dkcjR3Q3RV","metadata":{"@type":"type.googleapis.com/google.cloud.functions.v1.OperationMetadataV1","target":"projects/assembl-ez/locations/us-central1/functions/getClientData","type":"UPDATE_FUNCTION","request":{"@type":"type.googleapis.com/google.cloud.functions.v1.CloudFunction","name":"projects/assembl-ez/locations/us-central1/functions/getClientData","httpsTrigger":{"url":"https://us-central1-assembl-ez.cloudfunctions.net/getClientData","securityLevel":"SECURE_ALWAYS"},"status":"ACTIVE","entryPoint":"getClientData","timeout":"60s","availableMemoryMb":256,"serviceAccountEmail":"assembl-ez@appspot.gserviceaccount.com","updateTime":"2022-08-04T13:16:43.576Z","versionId":"6","labels":{"deployment-tool":"cli-firebase"},"sourceUploadUrl":"https://storage.googleapis.com/uploads-1054381667954.us-central1.cloudfunctions.appspot.com/89941114-4b4e-485b-a50b-845576ea0a67.zip?GoogleAccessId=service-784618520751@gcf-admin-robot.iam.gserviceaccount.com&Expires=1659621025&Signature=P6rgzY0Wtq5tiLJY3QfHUOKQ5iCdjf0ucuNY37j%2F6J4aOgBDBY4H%2FyPSEGAHwxVlq7oFWbrFYLdKMrnzzMCvXba9uph%2FMHRa%2BeGOTe00QiiHC%2FeZEy2FMZ0JqLh30CAIgDJJyvC3lhLF6RYKetsGqBgSYl2nIbpaS7s5%2BDhK1vABoPTrivNG0u8lgjJwTgQ8YXeMAnj9OZkr5Cwy7Ihr%2Fpf4%2BXG4tSz0ALLNWBkY5HdrtyssC5DxEHUNhL7b0Nc456QufMbm%2B8OEWbcpcbJ9yYRJujKlvOlWjRO7o5EXvp0z9i33U2PDXY34CDZVFe15Ft5lybcemA%2F%2BmtVWOW1wIQ%3D%3D","environmentVariables":{"FIREBASE_CONFIG":"{\"projectId\":\"assembl-ez\",\"storageBucket\":\"assembl-ez.appspot.com\",\"locationId\":\"europe-west2\"}","GCLOUD_PROJECT":"assembl-ez"},"runtime":"nodejs16","ingressSettings":"ALLOW_ALL","buildId":"c3b55950-99ec-45d3-b09f-2ddba696fb2e","buildName":"projects/784618520751/locations/us-central1/builds/c3b55950-99ec-45d3-b09f-2ddba696fb2e","dockerRegistry":"ARTIFACT_REGISTRY"},"versionId":"7","updateTime":"2022-08-04T13:20:27Z","buildId":"09eb3f0f-2599-4078-b7c6-8d056ff6e132","buildName":"projects/784618520751/locations/us-central1/builds/09eb3f0f-2599-4078-b7c6-8d056ff6e132"}}
[debug] [2022-08-04T13:20:39.720Z] [update-default-us-central1-getClientData] Retrying task index 0
[debug] [2022-08-04T13:20:39.721Z] >>> [apiv2][query] GET https://cloudfunctions.googleapis.com/v1/operations/YXNzZW1ibC1lei91cy1jZW50cmFsMS9nZXRDbGllbnREYXRhL2Rqb2dkcjR3Q3RV [none]
[debug] [2022-08-04T13:20:40.541Z] <<< [apiv2][status] GET https://cloudfunctions.googleapis.com/v1/operations/YXNzZW1ibC1lei91cy1jZW50cmFsMS9nZXRDbGllbnREYXRhL2Rqb2dkcjR3Q3RV 200
[debug] [2022-08-04T13:20:40.541Z] <<< [apiv2][body] GET https://cloudfunctions.googleapis.com/v1/operations/YXNzZW1ibC1lei91cy1jZW50cmFsMS9nZXRDbGllbnREYXRhL2Rqb2dkcjR3Q3RV {"name":"operations/YXNzZW1ibC1lei91cy1jZW50cmFsMS9nZXRDbGllbnREYXRhL2Rqb2dkcjR3Q3RV","metadata":{"@type":"type.googleapis.com/google.cloud.functions.v1.OperationMetadataV1","target":"projects/assembl-ez/locations/us-central1/functions/getClientData","type":"UPDATE_FUNCTION","request":{"@type":"type.googleapis.com/google.cloud.functions.v1.CloudFunction","name":"projects/assembl-ez/locations/us-central1/functions/getClientData","httpsTrigger":{"url":"https://us-central1-assembl-ez.cloudfunctions.net/getClientData","securityLevel":"SECURE_ALWAYS"},"status":"ACTIVE","entryPoint":"getClientData","timeout":"60s","availableMemoryMb":256,"serviceAccountEmail":"assembl-ez@appspot.gserviceaccount.com","updateTime":"2022-08-04T13:16:43.576Z","versionId":"6","labels":{"deployment-tool":"cli-firebase"},"sourceUploadUrl":"https://storage.googleapis.com/uploads-1054381667954.us-central1.cloudfunctions.appspot.com/89941114-4b4e-485b-a50b-845576ea0a67.zip?GoogleAccessId=service-784618520751@gcf-admin-robot.iam.gserviceaccount.com&Expires=1659621025&Signature=P6rgzY0Wtq5tiLJY3QfHUOKQ5iCdjf0ucuNY37j%2F6J4aOgBDBY4H%2FyPSEGAHwxVlq7oFWbrFYLdKMrnzzMCvXba9uph%2FMHRa%2BeGOTe00QiiHC%2FeZEy2FMZ0JqLh30CAIgDJJyvC3lhLF6RYKetsGqBgSYl2nIbpaS7s5%2BDhK1vABoPTrivNG0u8lgjJwTgQ8YXeMAnj9OZkr5Cwy7Ihr%2Fpf4%2BXG4tSz0ALLNWBkY5HdrtyssC5DxEHUNhL7b0Nc456QufMbm%2B8OEWbcpcbJ9yYRJujKlvOlWjRO7o5EXvp0z9i33U2PDXY34CDZVFe15Ft5lybcemA%2F%2BmtVWOW1wIQ%3D%3D","environmentVariables":{"FIREBASE_CONFIG":"{\"projectId\":\"assembl-ez\",\"storageBucket\":\"assembl-ez.appspot.com\",\"locationId\":\"europe-west2\"}","GCLOUD_PROJECT":"assembl-ez"},"runtime":"nodejs16","ingressSettings":"ALLOW_ALL","buildId":"c3b55950-99ec-45d3-b09f-2ddba696fb2e","buildName":"projects/784618520751/locations/us-central1/builds/c3b55950-99ec-45d3-b09f-2ddba696fb2e","dockerRegistry":"ARTIFACT_REGISTRY"},"versionId":"7","updateTime":"2022-08-04T13:20:27Z","buildId":"09eb3f0f-2599-4078-b7c6-8d056ff6e132","buildName":"projects/784618520751/locations/us-central1/builds/09eb3f0f-2599-4078-b7c6-8d056ff6e132"}}
[debug] [2022-08-04T13:20:48.566Z] [update-default-us-central1-getClientData] Retrying task index 0
[debug] [2022-08-04T13:20:48.567Z] >>> [apiv2][query] GET https://cloudfunctions.googleapis.com/v1/operations/YXNzZW1ibC1lei91cy1jZW50cmFsMS9nZXRDbGllbnREYXRhL2Rqb2dkcjR3Q3RV [none]
[debug] [2022-08-04T13:20:49.222Z] <<< [apiv2][status] GET https://cloudfunctions.googleapis.com/v1/operations/YXNzZW1ibC1lei91cy1jZW50cmFsMS9nZXRDbGllbnREYXRhL2Rqb2dkcjR3Q3RV 200
[debug] [2022-08-04T13:20:49.222Z] <<< [apiv2][body] GET https://cloudfunctions.googleapis.com/v1/operations/YXNzZW1ibC1lei91cy1jZW50cmFsMS9nZXRDbGllbnREYXRhL2Rqb2dkcjR3Q3RV {"name":"operations/YXNzZW1ibC1lei91cy1jZW50cmFsMS9nZXRDbGllbnREYXRhL2Rqb2dkcjR3Q3RV","metadata":{"@type":"type.googleapis.com/google.cloud.functions.v1.OperationMetadataV1","target":"projects/assembl-ez/locations/us-central1/functions/getClientData","type":"UPDATE_FUNCTION","request":{"@type":"type.googleapis.com/google.cloud.functions.v1.CloudFunction","name":"projects/assembl-ez/locations/us-central1/functions/getClientData","httpsTrigger":{"url":"https://us-central1-assembl-ez.cloudfunctions.net/getClientData","securityLevel":"SECURE_ALWAYS"},"status":"ACTIVE","entryPoint":"getClientData","timeout":"60s","availableMemoryMb":256,"serviceAccountEmail":"assembl-ez@appspot.gserviceaccount.com","updateTime":"2022-08-04T13:16:43.576Z","versionId":"6","labels":{"deployment-tool":"cli-firebase"},"sourceUploadUrl":"https://storage.googleapis.com/uploads-1054381667954.us-central1.cloudfunctions.appspot.com/89941114-4b4e-485b-a50b-845576ea0a67.zip?GoogleAccessId=service-784618520751@gcf-admin-robot.iam.gserviceaccount.com&Expires=1659621025&Signature=P6rgzY0Wtq5tiLJY3QfHUOKQ5iCdjf0ucuNY37j%2F6J4aOgBDBY4H%2FyPSEGAHwxVlq7oFWbrFYLdKMrnzzMCvXba9uph%2FMHRa%2BeGOTe00QiiHC%2FeZEy2FMZ0JqLh30CAIgDJJyvC3lhLF6RYKetsGqBgSYl2nIbpaS7s5%2BDhK1vABoPTrivNG0u8lgjJwTgQ8YXeMAnj9OZkr5Cwy7Ihr%2Fpf4%2BXG4tSz0ALLNWBkY5HdrtyssC5DxEHUNhL7b0Nc456QufMbm%2B8OEWbcpcbJ9yYRJujKlvOlWjRO7o5EXvp0z9i33U2PDXY34CDZVFe15Ft5lybcemA%2F%2BmtVWOW1wIQ%3D%3D","environmentVariables":{"FIREBASE_CONFIG":"{\"projectId\":\"assembl-ez\",\"storageBucket\":\"assembl-ez.appspot.com\",\"locationId\":\"europe-west2\"}","GCLOUD_PROJECT":"assembl-ez"},"runtime":"nodejs16","ingressSettings":"ALLOW_ALL","buildId":"c3b55950-99ec-45d3-b09f-2ddba696fb2e","buildName":"projects/784618520751/locations/us-central1/builds/c3b55950-99ec-45d3-b09f-2ddba696fb2e","dockerRegistry":"ARTIFACT_REGISTRY"},"versionId":"7","updateTime":"2022-08-04T13:20:27Z","buildId":"09eb3f0f-2599-4078-b7c6-8d056ff6e132","buildName":"projects/784618520751/locations/us-central1/builds/09eb3f0f-2599-4078-b7c6-8d056ff6e132"}}
[debug] [2022-08-04T13:20:59.223Z] [update-default-us-central1-getClientData] Retrying task index 0
[debug] [2022-08-04T13:20:59.224Z] >>> [apiv2][query] GET https://cloudfunctions.googleapis.com/v1/operations/YXNzZW1ibC1lei91cy1jZW50cmFsMS9nZXRDbGllbnREYXRhL2Rqb2dkcjR3Q3RV [none]
[debug] [2022-08-04T13:20:59.867Z] <<< [apiv2][status] GET https://cloudfunctions.googleapis.com/v1/operations/YXNzZW1ibC1lei91cy1jZW50cmFsMS9nZXRDbGllbnREYXRhL2Rqb2dkcjR3Q3RV 200
[debug] [2022-08-04T13:20:59.867Z] <<< [apiv2][body] GET https://cloudfunctions.googleapis.com/v1/operations/YXNzZW1ibC1lei91cy1jZW50cmFsMS9nZXRDbGllbnREYXRhL2Rqb2dkcjR3Q3RV {"name":"operations/YXNzZW1ibC1lei91cy1jZW50cmFsMS9nZXRDbGllbnREYXRhL2Rqb2dkcjR3Q3RV","metadata":{"@type":"type.googleapis.com/google.cloud.functions.v1.OperationMetadataV1","target":"projects/assembl-ez/locations/us-central1/functions/getClientData","type":"UPDATE_FUNCTION","request":{"@type":"type.googleapis.com/google.cloud.functions.v1.CloudFunction","name":"projects/assembl-ez/locations/us-central1/functions/getClientData","httpsTrigger":{"url":"https://us-central1-assembl-ez.cloudfunctions.net/getClientData","securityLevel":"SECURE_ALWAYS"},"status":"ACTIVE","entryPoint":"getClientData","timeout":"60s","availableMemoryMb":256,"serviceAccountEmail":"assembl-ez@appspot.gserviceaccount.com","updateTime":"2022-08-04T13:16:43.576Z","versionId":"6","labels":{"deployment-tool":"cli-firebase"},"sourceUploadUrl":"https://storage.googleapis.com/uploads-1054381667954.us-central1.cloudfunctions.appspot.com/89941114-4b4e-485b-a50b-845576ea0a67.zip?GoogleAccessId=service-784618520751@gcf-admin-robot.iam.gserviceaccount.com&Expires=1659621025&Signature=P6rgzY0Wtq5tiLJY3QfHUOKQ5iCdjf0ucuNY37j%2F6J4aOgBDBY4H%2FyPSEGAHwxVlq7oFWbrFYLdKMrnzzMCvXba9uph%2FMHRa%2BeGOTe00QiiHC%2FeZEy2FMZ0JqLh30CAIgDJJyvC3lhLF6RYKetsGqBgSYl2nIbpaS7s5%2BDhK1vABoPTrivNG0u8lgjJwTgQ8YXeMAnj9OZkr5Cwy7Ihr%2Fpf4%2BXG4tSz0ALLNWBkY5HdrtyssC5DxEHUNhL7b0Nc456QufMbm%2B8OEWbcpcbJ9yYRJujKlvOlWjRO7o5EXvp0z9i33U2PDXY34CDZVFe15Ft5lybcemA%2F%2BmtVWOW1wIQ%3D%3D","environmentVariables":{"FIREBASE_CONFIG":"{\"projectId\":\"assembl-ez\",\"storageBucket\":\"assembl-ez.appspot.com\",\"locationId\":\"europe-west2\"}","GCLOUD_PROJECT":"assembl-ez"},"runtime":"nodejs16","ingressSettings":"ALLOW_ALL","buildId":"c3b55950-99ec-45d3-b09f-2ddba696fb2e","buildName":"projects/784618520751/locations/us-central1/builds/c3b55950-99ec-45d3-b09f-2ddba696fb2e","dockerRegistry":"ARTIFACT_REGISTRY"},"versionId":"7","updateTime":"2022-08-04T13:20:27Z","buildId":"09eb3f0f-2599-4078-b7c6-8d056ff6e132","buildName":"projects/784618520751/locations/us-central1/builds/09eb3f0f-2599-4078-b7c6-8d056ff6e132"}}
[debug] [2022-08-04T13:21:09.878Z] [update-default-us-central1-getClientData] Retrying task index 0
[debug] [2022-08-04T13:21:09.879Z] >>> [apiv2][query] GET https://cloudfunctions.googleapis.com/v1/operations/YXNzZW1ibC1lei91cy1jZW50cmFsMS9nZXRDbGllbnREYXRhL2Rqb2dkcjR3Q3RV [none]
[debug] [2022-08-04T13:21:10.491Z] <<< [apiv2][status] GET https://cloudfunctions.googleapis.com/v1/operations/YXNzZW1ibC1lei91cy1jZW50cmFsMS9nZXRDbGllbnREYXRhL2Rqb2dkcjR3Q3RV 200
[debug] [2022-08-04T13:21:10.492Z] <<< [apiv2][body] GET https://cloudfunctions.googleapis.com/v1/operations/YXNzZW1ibC1lei91cy1jZW50cmFsMS9nZXRDbGllbnREYXRhL2Rqb2dkcjR3Q3RV {"name":"operations/YXNzZW1ibC1lei91cy1jZW50cmFsMS9nZXRDbGllbnREYXRhL2Rqb2dkcjR3Q3RV","metadata":{"@type":"type.googleapis.com/google.cloud.functions.v1.OperationMetadataV1","target":"projects/assembl-ez/locations/us-central1/functions/getClientData","type":"UPDATE_FUNCTION","request":{"@type":"type.googleapis.com/google.cloud.functions.v1.CloudFunction","name":"projects/assembl-ez/locations/us-central1/functions/getClientData","httpsTrigger":{"url":"https://us-central1-assembl-ez.cloudfunctions.net/getClientData","securityLevel":"SECURE_ALWAYS"},"status":"ACTIVE","entryPoint":"getClientData","timeout":"60s","availableMemoryMb":256,"serviceAccountEmail":"assembl-ez@appspot.gserviceaccount.com","updateTime":"2022-08-04T13:16:43.576Z","versionId":"6","labels":{"deployment-tool":"cli-firebase"},"sourceUploadUrl":"https://storage.googleapis.com/uploads-1054381667954.us-central1.cloudfunctions.appspot.com/89941114-4b4e-485b-a50b-845576ea0a67.zip?GoogleAccessId=service-784618520751@gcf-admin-robot.iam.gserviceaccount.com&Expires=1659621025&Signature=P6rgzY0Wtq5tiLJY3QfHUOKQ5iCdjf0ucuNY37j%2F6J4aOgBDBY4H%2FyPSEGAHwxVlq7oFWbrFYLdKMrnzzMCvXba9uph%2FMHRa%2BeGOTe00QiiHC%2FeZEy2FMZ0JqLh30CAIgDJJyvC3lhLF6RYKetsGqBgSYl2nIbpaS7s5%2BDhK1vABoPTrivNG0u8lgjJwTgQ8YXeMAnj9OZkr5Cwy7Ihr%2Fpf4%2BXG4tSz0ALLNWBkY5HdrtyssC5DxEHUNhL7b0Nc456QufMbm%2B8OEWbcpcbJ9yYRJujKlvOlWjRO7o5EXvp0z9i33U2PDXY34CDZVFe15Ft5lybcemA%2F%2BmtVWOW1wIQ%3D%3D","environmentVariables":{"FIREBASE_CONFIG":"{\"projectId\":\"assembl-ez\",\"storageBucket\":\"assembl-ez.appspot.com\",\"locationId\":\"europe-west2\"}","GCLOUD_PROJECT":"assembl-ez"},"runtime":"nodejs16","ingressSettings":"ALLOW_ALL","buildId":"c3b55950-99ec-45d3-b09f-2ddba696fb2e","buildName":"projects/784618520751/locations/us-central1/builds/c3b55950-99ec-45d3-b09f-2ddba696fb2e","dockerRegistry":"ARTIFACT_REGISTRY"},"versionId":"7","updateTime":"2022-08-04T13:20:27Z","buildId":"09eb3f0f-2599-4078-b7c6-8d056ff6e132","buildName":"projects/784618520751/locations/us-central1/builds/09eb3f0f-2599-4078-b7c6-8d056ff6e132"}}
[debug] [2022-08-04T13:21:20.495Z] [update-default-us-central1-getClientData] Retrying task index 0
[debug] [2022-08-04T13:21:20.497Z] >>> [apiv2][query] GET https://cloudfunctions.googleapis.com/v1/operations/YXNzZW1ibC1lei91cy1jZW50cmFsMS9nZXRDbGllbnREYXRhL2Rqb2dkcjR3Q3RV [none]
[debug] [2022-08-04T13:21:21.189Z] <<< [apiv2][status] GET https://cloudfunctions.googleapis.com/v1/operations/YXNzZW1ibC1lei91cy1jZW50cmFsMS9nZXRDbGllbnREYXRhL2Rqb2dkcjR3Q3RV 200
[debug] [2022-08-04T13:21:21.189Z] <<< [apiv2][body] GET https://cloudfunctions.googleapis.com/v1/operations/YXNzZW1ibC1lei91cy1jZW50cmFsMS9nZXRDbGllbnREYXRhL2Rqb2dkcjR3Q3RV {"name":"operations/YXNzZW1ibC1lei91cy1jZW50cmFsMS9nZXRDbGllbnREYXRhL2Rqb2dkcjR3Q3RV","metadata":{"@type":"type.googleapis.com/google.cloud.functions.v1.OperationMetadataV1","target":"projects/assembl-ez/locations/us-central1/functions/getClientData","type":"UPDATE_FUNCTION","request":{"@type":"type.googleapis.com/google.cloud.functions.v1.CloudFunction","name":"projects/assembl-ez/locations/us-central1/functions/getClientData","httpsTrigger":{"url":"https://us-central1-assembl-ez.cloudfunctions.net/getClientData","securityLevel":"SECURE_ALWAYS"},"status":"ACTIVE","entryPoint":"getClientData","timeout":"60s","availableMemoryMb":256,"serviceAccountEmail":"assembl-ez@appspot.gserviceaccount.com","updateTime":"2022-08-04T13:16:43.576Z","versionId":"6","labels":{"deployment-tool":"cli-firebase"},"sourceUploadUrl":"https://storage.googleapis.com/uploads-1054381667954.us-central1.cloudfunctions.appspot.com/89941114-4b4e-485b-a50b-845576ea0a67.zip?GoogleAccessId=service-784618520751@gcf-admin-robot.iam.gserviceaccount.com&Expires=1659621025&Signature=P6rgzY0Wtq5tiLJY3QfHUOKQ5iCdjf0ucuNY37j%2F6J4aOgBDBY4H%2FyPSEGAHwxVlq7oFWbrFYLdKMrnzzMCvXba9uph%2FMHRa%2BeGOTe00QiiHC%2FeZEy2FMZ0JqLh30CAIgDJJyvC3lhLF6RYKetsGqBgSYl2nIbpaS7s5%2BDhK1vABoPTrivNG0u8lgjJwTgQ8YXeMAnj9OZkr5Cwy7Ihr%2Fpf4%2BXG4tSz0ALLNWBkY5HdrtyssC5DxEHUNhL7b0Nc456QufMbm%2B8OEWbcpcbJ9yYRJujKlvOlWjRO7o5EXvp0z9i33U2PDXY34CDZVFe15Ft5lybcemA%2F%2BmtVWOW1wIQ%3D%3D","environmentVariables":{"FIREBASE_CONFIG":"{\"projectId\":\"assembl-ez\",\"storageBucket\":\"assembl-ez.appspot.com\",\"locationId\":\"europe-west2\"}","GCLOUD_PROJECT":"assembl-ez"},"runtime":"nodejs16","ingressSettings":"ALLOW_ALL","buildId":"c3b55950-99ec-45d3-b09f-2ddba696fb2e","buildName":"projects/784618520751/locations/us-central1/builds/c3b55950-99ec-45d3-b09f-2ddba696fb2e","dockerRegistry":"ARTIFACT_REGISTRY"},"versionId":"7","updateTime":"2022-08-04T13:20:27Z","buildId":"09eb3f0f-2599-4078-b7c6-8d056ff6e132","buildName":"projects/784618520751/locations/us-central1/builds/09eb3f0f-2599-4078-b7c6-8d056ff6e132"}}
[debug] [2022-08-04T13:21:31.194Z] [update-default-us-central1-getClientData] Retrying task index 0
[debug] [2022-08-04T13:21:31.195Z] >>> [apiv2][query] GET https://cloudfunctions.googleapis.com/v1/operations/YXNzZW1ibC1lei91cy1jZW50cmFsMS9nZXRDbGllbnREYXRhL2Rqb2dkcjR3Q3RV [none]
[debug] [2022-08-04T13:21:32.022Z] <<< [apiv2][status] GET https://cloudfunctions.googleapis.com/v1/operations/YXNzZW1ibC1lei91cy1jZW50cmFsMS9nZXRDbGllbnREYXRhL2Rqb2dkcjR3Q3RV 200
[debug] [2022-08-04T13:21:32.023Z] <<< [apiv2][body] GET https://cloudfunctions.googleapis.com/v1/operations/YXNzZW1ibC1lei91cy1jZW50cmFsMS9nZXRDbGllbnREYXRhL2Rqb2dkcjR3Q3RV {"name":"operations/YXNzZW1ibC1lei91cy1jZW50cmFsMS9nZXRDbGllbnREYXRhL2Rqb2dkcjR3Q3RV","metadata":{"@type":"type.googleapis.com/google.cloud.functions.v1.OperationMetadataV1","target":"projects/assembl-ez/locations/us-central1/functions/getClientData","type":"UPDATE_FUNCTION","request":{"@type":"type.googleapis.com/google.cloud.functions.v1.CloudFunction","name":"projects/assembl-ez/locations/us-central1/functions/getClientData","httpsTrigger":{"url":"https://us-central1-assembl-ez.cloudfunctions.net/getClientData","securityLevel":"SECURE_ALWAYS"},"status":"ACTIVE","entryPoint":"getClientData","timeout":"60s","availableMemoryMb":256,"serviceAccountEmail":"assembl-ez@appspot.gserviceaccount.com","updateTime":"2022-08-04T13:16:43.576Z","versionId":"6","labels":{"deployment-tool":"cli-firebase"},"sourceUploadUrl":"https://storage.googleapis.com/uploads-1054381667954.us-central1.cloudfunctions.appspot.com/89941114-4b4e-485b-a50b-845576ea0a67.zip?GoogleAccessId=service-784618520751@gcf-admin-robot.iam.gserviceaccount.com&Expires=1659621025&Signature=P6rgzY0Wtq5tiLJY3QfHUOKQ5iCdjf0ucuNY37j%2F6J4aOgBDBY4H%2FyPSEGAHwxVlq7oFWbrFYLdKMrnzzMCvXba9uph%2FMHRa%2BeGOTe00QiiHC%2FeZEy2FMZ0JqLh30CAIgDJJyvC3lhLF6RYKetsGqBgSYl2nIbpaS7s5%2BDhK1vABoPTrivNG0u8lgjJwTgQ8YXeMAnj9OZkr5Cwy7Ihr%2Fpf4%2BXG4tSz0ALLNWBkY5HdrtyssC5DxEHUNhL7b0Nc456QufMbm%2B8OEWbcpcbJ9yYRJujKlvOlWjRO7o5EXvp0z9i33U2PDXY34CDZVFe15Ft5lybcemA%2F%2BmtVWOW1wIQ%3D%3D","environmentVariables":{"FIREBASE_CONFIG":"{\"projectId\":\"assembl-ez\",\"storageBucket\":\"assembl-ez.appspot.com\",\"locationId\":\"europe-west2\"}","GCLOUD_PROJECT":"assembl-ez"},"runtime":"nodejs16","ingressSettings":"ALLOW_ALL","buildId":"c3b55950-99ec-45d3-b09f-2ddba696fb2e","buildName":"projects/784618520751/locations/us-central1/builds/c3b55950-99ec-45d3-b09f-2ddba696fb2e","dockerRegistry":"ARTIFACT_REGISTRY"},"versionId":"7","updateTime":"2022-08-04T13:20:27Z","buildId":"09eb3f0f-2599-4078-b7c6-8d056ff6e132","sourceToken":"99a74d3a-1327-4066-874a-e5ae8a1520ab","buildName":"projects/784618520751/locations/us-central1/builds/09eb3f0f-2599-4078-b7c6-8d056ff6e132"}}
[debug] [2022-08-04T13:21:32.023Z] Got source token 99a74d3a-1327-4066-874a-e5ae8a1520ab for region us-central1
